<?xml version="1.0" encoding="UTF-8"?>
<!-- Generated by org.testng.reporters.JUnitReportReporter -->
<testsuite hostname="DESKTOP-2G7LAAN" failures="0" tests="1" name="test.AddCustomerTest" time="6.365" errors="0" timestamp="2023-07-19T15:49:48 CST" skipped="0">
  <testcase classname="test.AddCustomerTest" name="userShouldBeAbleToAddCustomer" time="6.365"/>
</testsuite> <!-- test.AddCustomerTest -->
