<?xml version="1.0" encoding="UTF-8"?>
<!-- Generated by org.testng.reporters.JUnitReportReporter -->
<testsuite hostname="DESKTOP-2G7LAAN" failures="0" tests="1" name="util.BrowserFactory" time="3.247" errors="0" timestamp="2023-07-18T16:31:13 CST" skipped="0">
  <testcase classname="util.BrowserFactory" name="init" time="3.247"/>
</testsuite> <!-- util.BrowserFactory -->
