<?xml version="1.0" encoding="UTF-8"?>
<!-- Generated by org.testng.reporters.JUnitReportReporter -->
<testsuite hostname="DESKTOP-2G7LAAN" failures="0" tests="1" name="test.LoginTest" time="2.958" errors="0" timestamp="2023-07-18T22:06:20 CST" skipped="0">
  <testcase classname="test.LoginTest" name="validUserShouldBeAbleToLogin" time="2.958"/>
</testsuite> <!-- test.LoginTest -->
